C51 COMPILER V9.53.0.0   INTERRUPTS                                                        04/29/2018 23:54:56 PAGE 1   


C51 COMPILER V9.53.0.0, COMPILATION OF MODULE INTERRUPTS
OBJECT MODULE PLACED IN .\src\Interrupts.OBJ
COMPILER INVOKED BY: c:\SiliconLabs\SimplicityStudio\v4\developer\toolchains\keil_8051\9.53\BIN\C51.exe C:\Users\Rilind\
                    -Desktop\System_project\Exam_Project\Exam_Project_2\F99x-98x_SleepMode_smaRTClockWake\src\Interrupts.c OMF2 SMALL DEBUG O
                    -BJECTEXTEND ROM(LARGE) WARNINGLEVEL(2) FLOATFUZZY(3) OPTIMIZE(8,SPEED) DEFINE(DEBUG=1) INTVECTOR(0X0000) INTPROMOTE INCD
                    -IR(C:/Users/Rilind/Desktop/System_project/Exam_Project/Exam_Project_2/F99x-98x_SleepMode_smaRTClockWake/inc;C:/SiliconLa
                    -bs/SimplicityStudio/v4/developer/sdks/8051/v4.1.1//Device/shared/si8051base;C:/SiliconLabs/SimplicityStudio/v4/developer
                    -/sdks/8051/v4.1.1//Device/C8051F990/inc) PRINT(.\src\Interrupts.lst) COND PAGEWIDTH(120) PAGELENGTH(65) OBJECT(.\src\Int
                    -errupts.OBJ)

line level    source

   1          //=========================================================
   2          // src/Interrupts.c: generated by Hardware Configurator
   3          //
   4          // This file will be regenerated when saving a document.
   5          // leave the sections inside the "$[...]" comment tags alone
   6          // or they will be overwritten!
   7          //=========================================================
   8          
   9          
  10          // USER INCLUDES
  11          #include <SI_C8051F990_Register_Enums.h>
  12          
  13          //-----------------------------------------------------------------------------
  14          // Pin Declarations
  15          //-----------------------------------------------------------------------------
  16          
  17          SBIT (RED_LED,     SFR_P1, 5);         // Generates a 1ms trigger pulse
  18          
  19          //-----------------------------------------------------------------------------
  20          // TIMER3_ISR
  21          //-----------------------------------------------------------------------------
  22          //
  23          // TIMER3 ISR Content goes here. Remember to clear flag bits:
  24          // TMR3CN::TF3H (Timer # High Byte Overflow Flag)
  25          // TMR3CN::TF3L (Timer # Low Byte Overflow Flag)
  26          //
  27          //-----------------------------------------------------------------------------
  28          INTERRUPT (TIMER3_ISR, TIMER3_IRQn)
  29          {
  30   1              TMR3CN &= ~0x80;                       // clear Timer3 interrupt flag
  31   1              RED_LED = !RED_LED;                    // change state of the RED_LED
  32   1      }
  33          
  34          


MODULE INFORMATION:   STATIC OVERLAYABLE
   CODE SIZE        =      9    ----
   CONSTANT SIZE    =   ----    ----
   XDATA SIZE       =   ----    ----
   PDATA SIZE       =   ----    ----
   DATA SIZE        =   ----    ----
   IDATA SIZE       =   ----    ----
   BIT SIZE         =   ----    ----
   EDATA SIZE       =   ----    ----
   HDATA SIZE       =   ----    ----
   XDATA CONST SIZE =   ----    ----
   FAR CONST SIZE   =   ----    ----
END OF MODULE INFORMATION.


C51 COMPILATION COMPLETE.  0 WARNING(S),  0 ERROR(S)
