14:18:28 **** Incremental Build of configuration Keil 8051 v9.53 - Debug for project F99x-98x_SMBus_Master ****
make all 
PATH=/c/SiliconLabs/SimplicityStudio/v4/developer/toolchains/keil_8051/9.53/BIN:/c/SiliconLabs/SimplicityStudio/v4/support/8051:/usr/bin:/c/SiliconLabs/SimplicityStudio/v4/features/com.silabs.external.java.windows.x86.feature_1.8.0.92/jre/bin/client:/c/SiliconLabs/SimplicityStudio/v4/features/com.silabs.external.java.windows.x86.feature_1.8.0.92/jre/bin:/c/SiliconLabs/SimplicityStudio/v4/features/com.silabs.external.java.windows.x86.feature_1.8.0.92/jre/lib/i386:/c/ProgramData/Oracle/Java/javapath:/c/WINDOWS/system32:/c/WINDOWS:/c/WINDOWS/System32/Wbem:/c/WINDOWS/System32/WindowsPowerShell/v1.0/:/c/Program Files/nodejs/:/c/Program Files/Git/cmd:/c/Program Files/MATLAB/R2017b/runtime/win64:/c/Program Files/MATLAB/R2017b/bin:/c/Program Files/MySQL/MySQL Utilities 1.6/:/c/Users/Rilind/AppData/Local/Microsoft/WindowsApps:/c/Users/Rilind/AppData/Roaming/npm:/c/Program Files/Microsoft VS Code/bin:/c/Users/Rilind/AppData/Local/GitHubDesktop/bin:"C:/Android/:/c/Android/platform-tools":.:/c/SiliconLabs/SimplicityStudio/v4
 
Building file: ../src/F99x_SMBus_Master.c
Invoking: Keil 8051 Compiler
C51 "@src/F99x_SMBus_Master.__i" || test $? -lt 2

C51 COMPILER V9.53.0.0 - SN: K1RLC-L098RZ
COPYRIGHT Copyright (C) 2012 - 2014 ARM Ltd and ARM Germany GmbH. All rights reserved.
*** WARNING C294 IN LINE 473 OF C:\Users\Rilind\Desktop\System_project\Exam_Project\Exam_Project_2\F99x-98x_SMBus_Master\src\F99x_SMBus_Master.c: unreachable code

C51 COMPILATION COMPLETE.  1 WARNING(S),  0 ERROR(S)
Finished building: ../src/F99x_SMBus_Master.c
 
Building file: ../src/InitDevice.c
Invoking: Keil 8051 Compiler
C51 "@src/InitDevice.__i" || test $? -lt 2

C51 COMPILER V9.53.0.0 - SN: K1RLC-L098RZ
COPYRIGHT Copyright (C) 2012 - 2014 ARM Ltd and ARM Germany GmbH. All rights reserved.

C51 COMPILATION COMPLETE.  0 WARNING(S),  0 ERROR(S)
Finished building: ../src/InitDevice.c
 
Building file: ../src/Interrupts.c
Invoking: Keil 8051 Compiler
C51 "@src/Interrupts.__i" || test $? -lt 2

C51 COMPILER V9.53.0.0 - SN: K1RLC-L098RZ
COPYRIGHT Copyright (C) 2012 - 2014 ARM Ltd and ARM Germany GmbH. All rights reserved.

C51 COMPILATION COMPLETE.  0 WARNING(S),  0 ERROR(S)
Finished building: ../src/Interrupts.c
 
Building file: C:/SiliconLabs/SimplicityStudio/v4/developer/sdks/8051/v4.1.1/Device/shared/si8051Base/SILABS_STARTUP.A51
Invoking: Keil 8051 Assembler
AX51 "@src/SILABS_STARTUP.__ia" || test $? -lt 2

MACRO ASSEMBLER AX51 V3.12.0.0
COPYRIGHT KEIL ELEKTRONIK GmbH 2000 - 2013
"c:\SiliconLabs\SimplicityStudio\v4\developer\toolchains\keil_8051\9.53\BIN\AX51.exe" "C:\SiliconLabs\SimplicityStudio\v4\developer\sdks\8051\v4.1.1\Device\shared\si8051Base\SILABS_STARTUP.A51" ERRORPRINT SET (SMALL,SILABS_STARTUP=1) DEBUG MACRO NOMOD51 INCDIR(C:/Users/Rilind/Desktop/System_project/Exam_Project/Exam_Project_2/F99x-98x_SMBus_Master/inc;C:/SiliconLabs/SimplicityStudio/v4/developer/sdks/8051/v4.1.1//Device/shared/si8051base;C:/SiliconLabs/SimplicityStudio/v4/developer/sdks/8051/v4.1.1//Device/C8051F990/inc) PRINT(.\src\SILABS_STARTUP.lst) COND SYMBOLS PAGEWIDTH (120) PAGELENGTH (65) OBJECT(.\src\SILABS_STARTUP.OBJ)


ASSEMBLY COMPLETE.  0 WARNING(S), 0 ERROR(S).

Finished building: C:/SiliconLabs/SimplicityStudio/v4/developer/sdks/8051/v4.1.1/Device/shared/si8051Base/SILABS_STARTUP.A51
 
Building target: F99x-98x_SMBus_Master.omf
Invoking: Keil 8051 Linker
LX51 "@F99x-98x_SMBus_Master.lnp" || test $? -lt 2

LX51 LINKER/LOCATER V4.66.30.0 - SN: K1RLC-L098RZ
COPYRIGHT ARM Germany GmbH 1995 - 2014
@F99x-98x_SMBus_Master.lnp "./src/F99x_SMBus_Master.OBJ",
"./src/InitDevice.OBJ",
"./src/Interrupts.OBJ",
"./src/SILABS_STARTUP.OBJ"
TO "F99X-98X_SMBUS_MASTER.OMF.CRBUILD" REMOVEUNUSED PRINT(.\F99x-98x_SMBus_Master.m51) PAGEWIDTH (120) PAGELENGTH (65) CLASSES( ECODE(C:0x0 - C:0x1ffe), HCONST(C:0x0 - C:0x1ffe), XDATA(X:0x0 - X:0xff), HDATA(X:0x0 - X:0xff))

Program Size: data=105.5 xdata=1 const=0 code=4699
LX51 RUN COMPLETE.  0 WARNING(S),  0 ERROR(S)
Finished building target: F99x-98x_SMBus_Master.omf

14:18:30 Build Finished (took 2s.1ms)

